<?xml version="1.0" encoding="UTF-8"?>
<!-- Generated by org.testng.reporters.JUnitXMLReporter -->
<testsuite ignored="0" hostname="CHNMCT335593L" failures="0" tests="3" name="Test" time="2.944" errors="0" timestamp="31 Aug 2020 08:49:11 GMT">
  <testcase classname="org.mycompany.TestCases.EditCustomerPageTest" name="testLogin" time="1.048"/>
  <testcase classname="org.mycompany.TestCases.EditCustomerPageTest" name="testEditCustomerLink" time="1.458"/>
  <testcase classname="org.mycompany.TestCases.EditCustomerPageTest" name="testEditCustomerID" time="0.397"/>
</testsuite> <!-- Test -->
