<?xml version="1.0" encoding="UTF-8"?>
<testsuite xmlns:xsi="http://www.w3.org/2001/XMLSchema-instance" xsi:noNamespaceSchemaLocation="https://maven.apache.org/surefire/maven-surefire-plugin/xsd/surefire-test-report-3.0.xsd" version="3.0" name="TestSuite" time="24.946" tests="3" errors="0" skipped="0" failures="1">
  <properties>
[...]
</properties>
  <testcase name="testLogin" classname="org.mycompany.TestCases.EditCustomerPageTest" time="1.192"/>
  <testcase name="testEditCustomerLink" classname="org.mycompany.TestCases.EditCustomerPageTest" time="1.355"/>
  <testcase name="testEditCustomerID" classname="org.mycompany.TestCases.EditCustomerPageTest" time="10.509">
    <failure message="no such element: Unable to locate element: {&quot;method&quot;:&quot;xpath&quot;,&quot;selector&quot;:&quot;//*[@name=&apos;cus123id&apos;]&quot;}&#10;  (Session info: chrome=85.0.4183.83)&#10;For documentation on this error, please visit: https://selenium.dev/exceptions/#no_such_element&#10;Build info: version: &apos;4.0.0-alpha-4&apos;, revision: &apos;c2d955b49e&apos;&#10;System info: host: &apos;CHNMCT335593L&apos;, ip: &apos;192.168.1.7&apos;, os.name: &apos;Windows 10&apos;, os.arch: &apos;amd64&apos;, os.version: &apos;10.0&apos;, java.version: &apos;13.0.2&apos;&#10;Driver info: org.openqa.selenium.chrome.ChromeDriver&#10;Capabilities {acceptInsecureCerts: false, browserName: chrome, browserVersion: 85.0.4183.83, chrome: {chromedriverVersion: 84.0.4147.30 (48b3e868b4cc0..., userDataDir: C:\Users\lakshmi.murugand\A...}, goog:chromeOptions: {debuggerAddress: localhost:55162}, javascriptEnabled: true, networkConnectionEnabled: false, pageLoadStrategy: normal, platform: WINDOWS, platformName: WINDOWS, proxy: Proxy(), setWindowRect: true, strictFileInteractability: false, timeouts: {implicit: 0, pageLoad: 300000, script: 30000}, unhandledPromptBehavior: dismiss and notify, webauthn:virtualAuthenticators: true}&#10;Session ID: 8dfe59de2fcf2bd3b096d0896012ee53&#10;*** Element info: {Using=xpath, value=//*[@name=&apos;cus123id&apos;]}" type="org.openqa.selenium.NoSuchElementException"><![CDATA[org.openqa.selenium.NoSuchElementException: 
no such element: Unable to locate element: {"method":"xpath","selector":"//*[@name='cus123id']"}
  (Session info: chrome=85.0.4183.83)
For documentation on this error, please visit: https://selenium.dev/exceptions/#no_such_element
Build info: version: '4.0.0-alpha-4', revision: 'c2d955b49e'
System info: host: 'CHNMCT335593L', ip: '192.168.1.7', os.name: 'Windows 10', os.arch: 'amd64', os.version: '10.0', java.version: '13.0.2'
Driver info: org.openqa.selenium.chrome.ChromeDriver
Capabilities {acceptInsecureCerts: false, browserName: chrome, browserVersion: 85.0.4183.83, chrome: {chromedriverVersion: 84.0.4147.30 (48b3e868b4cc0..., userDataDir: C:\Users\lakshmi.murugand\A...}, goog:chromeOptions: {debuggerAddress: localhost:55162}, javascriptEnabled: true, networkConnectionEnabled: false, pageLoadStrategy: normal, platform: WINDOWS, platformName: WINDOWS, proxy: Proxy(), setWindowRect: true, strictFileInteractability: false, timeouts: {implicit: 0, pageLoad: 300000, script: 30000}, unhandledPromptBehavior: dismiss and notify, webauthn:virtualAuthenticators: true}
Session ID: 8dfe59de2fcf2bd3b096d0896012ee53
*** Element info: {Using=xpath, value=//*[@name='cus123id']}
	at org.mycompany.TestCases.EditCustomerPageTest.testEditCustomerID(EditCustomerPageTest.java:48)
]]></failure>
    <system-out><![CDATA[Trying to find Element By : By.xpath: //*[@name='cus123id']
]]></system-out>
  </testcase>
</testsuite>